loop 2 2
loop 3 1
loop 4 -3
	diff 1 -3

loop 2 3
loop 3 1
loop 4 0
	delta 44 44 0

loop 2 2
loop 3 2
loop 4 2
loop 5 1
loop 6 4
	delta 9 13 4

loop 2 2
loop 3 2
loop 4 3
loop 5 1
loop 6 5
	delta 76 81 5

loop 2 1
loop 3 3
loop 4 -2
	diff 3 -2

loop 2 -1
	diff 2 -1

loop 2 -2
	diff 1 -2

loop 2 1
loop 3 3
loop 4 -3
	diff 3 -3

loop 2 1
loop 3 -2
	diff 1 -2

loop 2 2
loop 3 0
	delta 84 84 0

loop 2 1
loop 3 0
	delta 25 25 0

loop 2 1
loop 3 1
loop 4 3
loop 5 0
	delta 31 31 0

loop 2 0
	delta 43 43 0

loop 2 0
	delta 74 74 0

loop 2 1
loop 3 1
loop 4 1
loop 5 4
	delta 89 93 4

loop 2 1
loop 3 2
loop 4 4
	delta 53 57 4

loop 2 2
loop 3 4
	delta 34 38 4

loop 2 2
loop 3 3
loop 4 4
	delta 78 82 4

loop 2 3
loop 3 1
loop 4 4
	delta 8 12 4

loop 2 3
loop 3 5
	delta 20 25 5

loop 2 3
loop 3 7
	delta 55 62 7

loop 2 3
loop 3 2
loop 4 2
loop 5 2
loop 6 5
	delta 80 85 5

loop 2 3
loop 3 3
loop 4 6
	delta 42 48 6

loop 2 1
loop 3 3
loop 4 6
	delta 55 61 6

loop 2 3
	diff -1 3

loop 2 1
	diff -1 1

loop 2 3
	diff -3 3

loop 2 2
	diff -1 2

loop 2 2
	diff -3 2

loop 2 3
	diff -1 3

loop 2 3
	diff -2 3

loop 2 3
	diff -2 3

loop 2 -3
loop 3 2
	diff -3 2

loop 2 3
	diff -1 3

loop 2 3
	diff -2 3

loop 2 3
	diff -1 3

loop 2 2
	diff -1 2

loop 2 1
	diff -1 1

loop 2 1
	diff -3 1

loop 2 2
	diff -1 2

loop 2 1
	diff -3 1

loop 2 1
	diff -2 1

loop 2 2
	diff -1 2

loop 2 4
	delta 59 63 4

loop 2 1
	diff -3 1

loop 2 3
	diff -2 3

loop 2 7
	delta 5 12 7

loop 2 6
	delta 54 60 6

loop 2 7
	delta 81 88 7

loop 2 2
loop 3 3
loop 4 3
loop 5 2
loop 6 2

loop 2 1
loop 3 2
loop 4 3
loop 5 3
loop 6 -2
	diff 3 -2

loop 2 3
loop 3 3
loop 4 2
loop 5 0
	delta 97 97 0

loop 2 2
loop 3 3
loop 4 3
loop 5 3
loop 6 4
	delta 78 82 4

loop 2 2
loop 3 2
loop 4 7
	delta 12 19 7

loop 2 2
loop 3 1
loop 4 -3
	diff 1 -3

loop 2 1
loop 3 3
loop 4 -2
	diff 3 -2

loop 2 2
loop 3 1
loop 4 -1
	diff 1 -1

loop 2 -1
loop 3 1
	diff -1 1

loop 2 -3
loop 3 3
	diff -3 3

loop 2 0
	delta 52 52 0

loop 2 3
loop 3 2
loop 4 3
loop 5 0
	delta 42 42 0

loop 2 1
loop 3 3
loop 4 0
	delta 39 39 0

loop 2 0
	delta 69 69 0

loop 2 0
	delta 41 41 0

loop 2 3
loop 3 3
loop 4 4
	delta 33 37 4

loop 2 2
loop 3 2
loop 4 4
	delta 65 69 4

loop 2 2
loop 3 2
loop 4 4
	delta 7 11 4

loop 2 2
loop 3 2
loop 4 2
loop 5 4
	delta 64 68 4

loop 2 4
	delta 21 25 4

loop 2 3
loop 3 6
	delta 79 85 6

loop 2 1
loop 3 3
loop 4 2
loop 5 5
	delta 55 60 5

loop 2 5
	delta 79 84 5

loop 2 1
loop 3 2
loop 4 1
loop 5 5
	delta 67 72 5

loop 2 2
loop 3 2
loop 4 6
	delta 72 78 6

loop 2 2
loop 3 1
loop 4 3
loop 5 3
loop 6 3
loop 7 2

loop 2 2
loop 3 2
loop 4 3
loop 5 1
loop 6 1
loop 7 -3
	diff 1 -3

loop 2 1
loop 3 3
loop 4 2
loop 5 0
	delta 31 31 0

loop 2 1
loop 3 2
loop 4 1
loop 5 3
loop 6 4
	delta 27 31 4

loop 2 3
loop 3 1
loop 4 2
loop 5 7
	delta 33 40 7

loop 2 1
loop 3 3
loop 4 -3
	diff 3 -3

loop 2 1
loop 3 2
loop 4 2
loop 5 -1
	diff 2 -1

loop 2 3
loop 3 3
loop 4 3
loop 5 1
loop 6 -2
	diff 1 -2

loop 2 -3
	diff 4 -3

loop 2 1
loop 3 3
loop 4 1
loop 5 2
loop 6 -2
	diff 2 -2

loop 2 0
	delta 46 46 0

loop 2 3
loop 3 1
loop 4 0
	delta 60 60 0

loop 2 1
loop 3 0
	delta 82 82 0

loop 2 0
	delta 80 80 0

loop 2 3
loop 3 2
loop 4 1
loop 5 1
loop 6 0
	delta 64 64 0

loop 2 4
	delta 20 24 4

loop 2 2
loop 3 4
	delta 57 61 4

loop 2 4
	delta 86 90 4

loop 2 1
loop 3 3
loop 4 4
	delta 69 73 4

loop 2 2
loop 3 4
	delta 44 48 4

loop 2 2
loop 3 6
	delta 19 25 6

loop 2 5
	delta 36 41 5

loop 2 1
loop 3 3
loop 4 6
	delta 71 77 6

loop 2 1
loop 3 3
loop 4 7
	delta 31 38 7

loop 2 1
loop 3 5
	delta 50 55 5

loop 2 1
loop 3 3
loop 4 2

loop 2 2
loop 3 1
loop 4 1
loop 5 -2
	diff 1 -2

loop 2 1
loop 3 1
loop 4 0
	delta 66 66 0

loop 2 2
loop 3 2
loop 4 2
loop 5 2
loop 6 1
loop 7 4
	delta 25 29 4

loop 2 3
loop 3 3
loop 4 1
loop 5 1
loop 6 1
loop 7 5
	delta 50 55 5

loop 2 1
loop 3 -3
	diff 1 -3

loop 2 -1
	diff 7 -1

loop 2 -2
	diff 6 -2

loop 2 2
loop 3 -3
	diff 2 -3

loop 2 -1
	diff 6 -1

loop 2 2
loop 3 1
loop 4 0
	delta 44 44 0

loop 2 3
loop 3 3
loop 4 1
loop 5 0
	delta 61 61 0

loop 2 3
loop 3 1
loop 4 2
loop 5 0
	delta 52 52 0

loop 2 2
loop 3 0
	delta 22 22 0

loop 2 0
	delta 52 52 0

loop 2 1
loop 3 3
loop 4 3
loop 5 3
loop 6 4
	delta 88 92 4

loop 2 3
loop 3 1
loop 4 4
	delta 61 65 4

loop 2 4
	delta 12 16 4

loop 2 4
	delta 18 22 4

loop 2 4
	delta 61 65 4

loop 2 3
loop 3 5
	delta 33 38 5

loop 2 6
	delta 70 76 6

loop 2 7
	delta 41 48 7

loop 2 2
loop 3 2
loop 4 6
	delta 68 74 6

loop 2 6
	delta 51 57 6

loop 2 -3
loop 3 -1
loop 4 -1
loop 5 -3
loop 6 -1
loop 7 3
	diff -1 3

loop 2 -1
loop 3 -2
loop 4 0
	delta 49 49 0

loop 2 -2
loop 3 -2
loop 4 -1
loop 5 -1
loop 6 -4
	delta 37 33 4

loop 2 -3
loop 3 -1
loop 4 -1
loop 5 -2
loop 6 -2
loop 7 -5
	delta 22 17 5

loop 2 -2
loop 3 -1
loop 4 2
	diff -1 2

loop 2 -2
loop 3 -1
loop 4 2
	diff -1 2

loop 2 -3
loop 3 3
	diff -3 3

loop 2 -1
loop 3 3
	diff -1 3

loop 2 -2
loop 3 3
	diff -2 3

loop 2 -1
loop 3 0
	delta 75 75 0

loop 2 0
	delta 91 91 0

loop 2 0
	delta 89 89 0

loop 2 0
	delta 48 48 0

loop 2 0
	delta 38 38 0

loop 2 -2
loop 3 -2
loop 4 -4
	delta 46 42 4

loop 2 -4
	delta 83 79 4

loop 2 -3
loop 3 -2
loop 4 -2
loop 5 -4
	delta 9 5 4

loop 2 -1
loop 3 -4
	delta 66 62 4

loop 2 -1
loop 3 -1
loop 4 -1
loop 5 -4
	delta 68 64 4

loop 2 -1
loop 3 -3
loop 4 -7
	delta 88 81 7

loop 2 -2
loop 3 -2
loop 4 -5
	delta 50 45 5

loop 2 -3
loop 3 -2
loop 4 -6
	delta 43 37 6

loop 2 -6
	delta 80 74 6

loop 2 -2
loop 3 -2
loop 4 -2
loop 5 -3
loop 6 -7
	delta 47 40 7

loop 2 -1
	diff 3 -1

loop 2 -3
	diff 2 -3

loop 2 -3
	diff 1 -3

loop 2 -2
	diff 3 -2

loop 2 -3
	diff 2 -3

loop 2 1
loop 3 -2
	diff 1 -2

loop 2 -2
	diff 3 -2

loop 2 -1
	diff 2 -1

loop 2 2
loop 3 -1
	diff 2 -1

loop 2 -2
	diff 1 -2

loop 2 -3
	diff 1 -3

loop 2 -1
	diff 3 -1

loop 2 -2
	diff 1 -2

loop 2 -1
	diff 1 -1

loop 2 0
	delta 15 15 0

loop 2 -2
	diff 1 -2

loop 2 -2
	diff 2 -2

loop 2 -2
	diff 3 -2

loop 2 -4
	delta 93 89 4

loop 2 -3
	diff 1 -3

loop 2 -2
	diff 1 -2

loop 2 -6
	delta 67 61 6

loop 2 -7
	delta 67 60 7

loop 2 -1
	diff 1 -1

loop 2 -1
	diff 1 -1

loop 2 -3
loop 3 -2
loop 4 -1
loop 5 -3
loop 6 -3
loop 7 -2

loop 2 -1
loop 3 -1
loop 4 -2
loop 5 3
	diff -2 3

loop 2 -2
loop 3 -1
loop 4 -3
loop 5 -2
loop 6 0
	delta 63 63 0

loop 2 -1
loop 3 -2
loop 4 -4
	delta 13 9 4

loop 2 -3
loop 3 -2
loop 4 -6
	delta 44 38 6

loop 2 3
loop 3 -2
	diff 3 -2

loop 2 3
loop 3 -2
	diff 3 -2

loop 2 -3
loop 3 -3
loop 4 -3
loop 5 -2
loop 6 2
	diff -2 2

loop 2 -1
loop 3 2
	diff -1 2

loop 2 3
loop 3 -3
	diff 3 -3

loop 2 -2
loop 3 -2
loop 4 -3
loop 5 0
	delta 16 16 0

loop 2 0
	delta 91 91 0

loop 2 -3
loop 3 -1
loop 4 0
	delta 94 94 0

loop 2 -2
loop 3 -3
loop 4 0
	delta 88 88 0

loop 2 -1
loop 3 -2
loop 4 0
	delta 29 29 0

loop 2 -2
loop 3 -1
loop 4 -2
loop 5 -4
	delta 28 24 4

loop 2 -3
loop 3 -3
loop 4 -2
loop 5 -4
	delta 41 37 4

loop 2 -4
	delta 65 61 4

loop 2 -1
loop 3 -1
loop 4 -4
	delta 54 50 4

loop 2 -1
loop 3 -4
	delta 16 12 4

loop 2 -3
loop 3 -1
loop 4 -1
loop 5 -7
	delta 58 51 7

loop 2 -5
	delta 48 43 5

loop 2 -6
	delta 90 84 6

loop 2 -6
	delta 48 42 6

loop 2 -3
loop 3 -3
loop 4 -3
loop 5 -5
	delta 41 36 5

loop 2 -3
loop 3 -3
loop 4 -1

loop 2 -1
loop 3 -1
loop 4 2
	diff -1 2

loop 2 -2
loop 3 -2
loop 4 -2
loop 5 -2
loop 6 -3
loop 7 0
	delta 64 64 0

loop 2 -1
loop 3 -2
loop 4 -1
loop 5 -4
	delta 8 4 4

loop 2 -1
loop 3 -2
loop 4 -1
loop 5 -1
loop 6 -1
loop 7 -5
	delta 20 15 5

loop 2 2
	diff -4 2

loop 2 -1
loop 3 -1
loop 4 -1
loop 5 1
	diff -1 1

loop 2 2
	diff -4 2

loop 2 -2
loop 3 1
	diff -2 1

loop 2 -3
loop 3 -1
loop 4 -3
loop 5 -2
loop 6 3
	diff -2 3

loop 2 -2
loop 3 0
	delta 50 50 0

loop 2 -2
loop 3 -3
loop 4 0
	delta 10 10 0

loop 2 0
	delta 14 14 0

loop 2 -1
loop 3 0
	delta 76 76 0

loop 2 0
	delta 77 77 0

loop 2 -1
loop 3 -2
loop 4 -4
	delta 36 32 4

loop 2 -1
loop 3 -4
	delta 93 89 4

loop 2 -4
	delta 60 56 4

loop 2 -1
loop 3 -3
loop 4 -4
	delta 85 81 4

loop 2 -4
	delta 27 23 4

loop 2 -1
loop 3 -2
loop 4 -2
loop 5 -6
	delta 75 69 6

loop 2 -3
loop 3 -5
	delta 73 68 5

loop 2 -7
	delta 93 86 7

loop 2 -5
	delta 43 38 5

loop 2 -2
loop 3 -5
	delta 63 58 5

loop 2 -3
loop 3 -3
loop 4 -2
loop 5 -3
loop 6 -3

loop 2 -3
loop 3 -1
loop 4 -1
loop 5 2
	diff -1 2

loop 2 -3
loop 3 -3
loop 4 0
	delta 11 11 0

loop 2 -1
loop 3 -1
loop 4 -3
loop 5 -2
loop 6 -1
loop 7 -4
	delta 80 76 4

loop 2 -1
loop 3 -3
loop 4 -1
loop 5 -3
loop 6 -7
	delta 73 66 7

loop 2 -2
loop 3 1
	diff -2 1

loop 2 -2
loop 3 3
	diff -2 3

loop 2 2
	diff -5 2

loop 2 -2
loop 3 2
	diff -2 2

loop 2 -2
loop 3 -3
loop 4 -3
loop 5 -1
loop 6 1
	diff -1 1

loop 2 -1
loop 3 0
	delta 88 88 0

loop 2 0
	delta 51 51 0

loop 2 -2
loop 3 -2
loop 4 0
	delta 80 80 0

loop 2 -1
loop 3 0
	delta 63 63 0

loop 2 -2
loop 3 0
	delta 62 62 0

loop 2 -3
loop 3 -3
loop 4 -4
	delta 29 25 4

loop 2 -2
loop 3 -2
loop 4 -1
loop 5 -4
	delta 64 60 4

loop 2 -1
loop 3 -2
loop 4 -1
loop 5 -4
	delta 40 36 4

loop 2 -4
	delta 37 33 4

loop 2 -4
	delta 27 23 4

loop 2 -6
	delta 53 47 6

loop 2 -6
	delta 45 39 6

loop 2 -3
loop 3 -2
loop 4 -5
	delta 8 3 5

loop 2 -2
loop 3 -6
	delta 38 32 6

loop 2 -7
	delta 65 58 7

loop 2 1
loop 3 3
loop 4 3
loop 5 2
loop 6 -2
	diff 2 -2

loop 2 2
loop 3 3
loop 4 3
loop 5 0
	delta 57 57 0

loop 2 1
loop 3 2
loop 4 2
loop 5 4
	delta 45 49 4

loop 2 1
loop 3 2
loop 4 1
loop 5 1
loop 6 7
	delta 45 52 7

loop 2 -2
	diff 2 -2

loop 2 -2
	diff 3 -2

loop 2 2
loop 3 2
loop 4 -2
	diff 2 -2

loop 2 1
loop 3 2
loop 4 -2
	diff 2 -2

loop 2 -2
	diff 3 -2

loop 2 3
loop 3 0
	delta 63 63 0

loop 2 0
	delta 54 54 0

loop 2 3
loop 3 0
	delta 30 30 0

loop 2 3
loop 3 1
loop 4 0
	delta 74 74 0

loop 2 2
loop 3 0
	delta 18 18 0

loop 2 3
loop 3 4
	delta 27 31 4

loop 2 3
loop 3 4
	delta 30 34 4

loop 2 2
loop 3 2
loop 4 3
loop 5 4
	delta 59 63 4

loop 2 4
	delta 79 83 4

loop 2 2
loop 3 1
loop 4 4
	delta 21 25 4

loop 2 2
loop 3 7
	delta 44 51 7

loop 2 7
	delta 13 20 7

loop 2 1
loop 3 5
	delta 10 15 5

loop 2 6
	delta 50 56 6

loop 2 7
	delta 14 21 7

loop 2 3
	diff -1 3

loop 2 1
	diff -3 1

loop 2 2
	diff -3 2

loop 2 3
	diff -1 3

loop 2 1
	diff -2 1

loop 2 -1
loop 3 3
	diff -1 3

loop 2 -2
loop 3 1
	diff -2 1

loop 2 3
	diff -3 3

loop 2 -2
loop 3 2
	diff -2 2

loop 2 -3
loop 3 1
	diff -3 1

loop 2 2
	diff -2 2

loop 2 3
	diff -2 3

loop 2 2
	diff -3 2

loop 2 1
	diff -2 1

loop 2 3
	diff -3 3

loop 2 2
	diff -1 2

loop 2 1
	diff -2 1

loop 2 2
	diff -2 2

loop 2 1
	diff -1 1

loop 2 1
	diff -2 1

loop 2 6
	delta 37 43 6

loop 2 6
	delta 51 57 6

loop 2 1
	diff -3 1

loop 2 7
	delta 74 81 7

loop 2 6
	delta 63 69 6

loop 2 3
loop 3 1
loop 4 2
loop 5 2
loop 6 1
loop 7 2

loop 2 3
loop 3 1
loop 4 2
loop 5 2
loop 6 3
loop 7 -1
	diff 3 -1

loop 2 1
loop 3 1
loop 4 0
	delta 58 58 0

loop 2 1
loop 3 3
loop 4 4
	delta 79 83 4

loop 2 1
loop 3 1
loop 4 3
loop 5 2
loop 6 2
loop 7 7
	delta 42 49 7

loop 2 3
loop 3 3
loop 4 -2
	diff 3 -2

loop 2 3
loop 3 2
loop 4 1
loop 5 2
loop 6 -2
	diff 2 -2

loop 2 2
loop 3 1
loop 4 -1
	diff 1 -1

loop 2 -2
loop 3 1
	diff -2 1

loop 2 -1
loop 3 3
	diff -1 3

loop 2 0
	delta 68 68 0

loop 2 0
	delta 22 22 0

loop 2 0
	delta 93 93 0

loop 2 0
	delta 70 70 0

loop 2 1
loop 3 2
loop 4 0
	delta 82 82 0

loop 2 4
	delta 52 56 4

loop 2 3
loop 3 3
loop 4 3
loop 5 2
loop 6 4
	delta 12 16 4

loop 2 2
loop 3 4
	delta 43 47 4

loop 2 4
	delta 39 43 4

loop 2 3
loop 3 4
	delta 41 45 4

loop 2 1
loop 3 3
loop 4 6
	delta 75 81 6

loop 2 6
	delta 79 85 6

loop 2 2
loop 3 6
	delta 31 37 6

loop 2 2
loop 3 3
loop 4 2
loop 5 3
loop 6 6
	delta 51 57 6

loop 2 1
loop 3 2
loop 4 5
	delta 65 70 5

loop 2 3
loop 3 3
loop 4 1
loop 5 2

loop 2 1
loop 3 3
loop 4 3
loop 5 -1
	diff 3 -1

loop 2 1
loop 3 3
loop 4 2
loop 5 0
	delta 14 14 0

loop 2 1
loop 3 3
loop 4 2
loop 5 1
loop 6 2
loop 7 4
	delta 39 43 4

loop 2 2
loop 3 2
loop 4 3
loop 5 2
loop 6 1
loop 7 5
	delta 15 20 5

loop 2 3
loop 3 2
loop 4 -3
	diff 2 -3

loop 2 1
loop 3 2
loop 4 1
loop 5 -2
	diff 1 -2

loop 2 -2
	diff 4 -2

loop 2 2
loop 3 1
loop 4 -1
	diff 1 -1

loop 2 1
loop 3 -1
	diff 1 -1

loop 2 0
	delta 41 41 0

loop 2 1
loop 3 1
loop 4 0
	delta 53 53 0

loop 2 1
loop 3 1
loop 4 2
loop 5 0
	delta 15 15 0

loop 2 1
loop 3 2
loop 4 3
loop 5 2
loop 6 0
	delta 63 63 0

loop 2 0
	delta 59 59 0

loop 2 1
loop 3 3
loop 4 2
loop 5 1
loop 6 4
	delta 58 62 4

loop 2 4
	delta 27 31 4

loop 2 4
	delta 79 83 4

loop 2 1
loop 3 2
loop 4 4
	delta 27 31 4

loop 2 4
	delta 66 70 4

loop 2 1
loop 3 2
loop 4 7
	delta 11 18 7

loop 2 2
loop 3 5
	delta 71 76 5

loop 2 1
loop 3 5
	delta 48 53 5

loop 2 3
loop 3 3
loop 4 5
	delta 46 51 5

loop 2 3
loop 3 3
loop 4 5
	delta 24 29 5

loop 2 1
loop 3 3
loop 4 2

loop 2 3
loop 3 1
loop 4 1
loop 5 3
loop 6 -1
	diff 3 -1

loop 2 1
loop 3 3
loop 4 3
loop 5 1
loop 6 3
loop 7 0
	delta 41 41 0

loop 2 3
loop 3 1
loop 4 4
	delta 22 26 4

loop 2 3
loop 3 1
loop 4 2
loop 5 6
	delta 62 68 6

loop 2 -1
	diff 5 -1

loop 2 -3
	diff 7 -3

loop 2 1
loop 3 3
loop 4 -2
	diff 3 -2

loop 2 -3
	diff 5 -3

loop 2 3
loop 3 -2
	diff 3 -2

loop 2 1
loop 3 0
	delta 16 16 0

loop 2 0
	delta 70 70 0

loop 2 0
	delta 81 81 0

loop 2 3
loop 3 0
	delta 19 19 0

loop 2 0
	delta 63 63 0

loop 2 3
loop 3 1
loop 4 3
loop 5 4
	delta 66 70 4

loop 2 4
	delta 13 17 4

loop 2 2
loop 3 4
	delta 24 28 4

loop 2 2
loop 3 4
	delta 72 76 4

loop 2 1
loop 3 3
loop 4 4
	delta 67 71 4

loop 2 2
loop 3 2
loop 4 2
loop 5 6
	delta 78 84 6

loop 2 5
	delta 42 47 5

loop 2 3
loop 3 5
	delta 72 77 5

loop 2 3
loop 3 7
	delta 76 83 7

loop 2 2
loop 3 5
	delta 68 73 5

loop 2 -1
loop 3 -3
loop 4 2
	diff -3 2

loop 2 -1
loop 3 -1
loop 4 -2
loop 5 -2
loop 6 0
	delta 20 20 0

loop 2 -1
loop 3 -3
loop 4 -4
	delta 48 44 4

loop 2 -2
loop 3 -3
loop 4 -1
loop 5 -2
loop 6 -5
	delta 31 26 5

loop 2 -3
loop 3 -1
loop 4 -3
loop 5 -2
loop 6 1
	diff -2 1

loop 2 2
	diff -2 2

loop 2 1
	diff -3 1

loop 2 -3
loop 3 3
	diff -3 3

loop 2 3
	diff -2 3

loop 2 -2
loop 3 -1
loop 4 -1
loop 5 0
	delta 80 80 0

loop 2 -2
loop 3 -2
loop 4 -2
loop 5 -3
loop 6 0
	delta 10 10 0

loop 2 -1
loop 3 0
	delta 12 12 0

loop 2 0
	delta 82 82 0

loop 2 0
	delta 74 74 0

loop 2 -3
loop 3 -3
loop 4 -2
loop 5 -4
	delta 10 6 4

loop 2 -1
loop 3 -2
loop 4 -4
	delta 17 13 4

loop 2 -3
loop 3 -1
loop 4 -4
	delta 56 52 4

loop 2 -3
loop 3 -4
	delta 69 65 4

loop 2 -2
loop 3 -1
loop 4 -4
	delta 70 66 4

loop 2 -3
loop 3 -7
	delta 75 68 7

loop 2 -3
loop 3 -3
loop 4 -7
	delta 13 6 7

loop 2 -7
	delta 89 82 7

loop 2 -1
loop 3 -2
loop 4 -5
	delta 52 47 5

loop 2 -1
loop 3 -3
loop 4 -7
	delta 75 68 7

loop 2 -2
	diff 3 -2

loop 2 -1
	diff 2 -1

loop 2 -2
	diff 1 -2

loop 2 -2
	diff 2 -2

loop 2 -3
	diff 3 -3

loop 2 2
loop 3 -3
	diff 2 -3

loop 2 -2
	diff 1 -2

loop 2 1
loop 3 -2
	diff 1 -2

loop 2 -2
	diff 2 -2

loop 2 -2
	diff 2 -2

loop 2 0
	delta 14 14 0

loop 2 -3
	diff 3 -3

loop 2 0
	delta 30 30 0

loop 2 -1
	diff 3 -1

loop 2 -2
	diff 2 -2

loop 2 -4
	delta 35 31 4

loop 2 -4
	delta 62 58 4

loop 2 -3
	diff 2 -3

loop 2 -4
	delta 54 50 4

loop 2 -3
	diff 2 -3

loop 2 -3
	diff 1 -3

loop 2 -1
	diff 3 -1

loop 2 -1
	diff 1 -1

loop 2 -2
	diff 3 -2

loop 2 -7
	delta 18 11 7

loop 2 -2
loop 3 -3
loop 4 -3
loop 5 -3
loop 6 -3
loop 7 -1

loop 2 -1
loop 3 -2
loop 4 -2
loop 5 -2
loop 6 2
	diff -2 2

loop 2 -2
loop 3 -1
loop 4 -3
loop 5 0
	delta 58 58 0

loop 2 -3
loop 3 -3
loop 4 -2
loop 5 -4
	delta 6 2 4

loop 2 -1
loop 3 -2
loop 4 -6
	delta 78 72 6

loop 2 -2
loop 3 -2
loop 4 3
	diff -2 3

loop 2 -3
loop 3 2
	diff -3 2

loop 2 -1
loop 3 -3
loop 4 2
	diff -3 2

loop 2 -2
loop 3 2
	diff -2 2

loop 2 3
loop 3 -3
	diff 3 -3

loop 2 -2
loop 3 0
	delta 89 89 0

loop 2 0
	delta 32 32 0

loop 2 -1
loop 3 -3
loop 4 -3
loop 5 0
	delta 26 26 0

loop 2 0
	delta 82 82 0

loop 2 -1
loop 3 -3
loop 4 0
	delta 52 52 0

loop 2 -4
	delta 29 25 4

loop 2 -3
loop 3 -3
loop 4 -4
	delta 49 45 4

loop 2 -4
	delta 85 81 4

loop 2 -3
loop 3 -3
loop 4 -4
	delta 13 9 4

loop 2 -3
loop 3 -2
loop 4 -4
	delta 24 20 4

loop 2 -3
loop 3 -6
	delta 96 90 6

loop 2 -6
	delta 27 21 6

loop 2 -7
	delta 50 43 7

loop 2 -2
loop 3 -1
loop 4 -1
loop 5 -5
	delta 61 56 5

loop 2 -7
	delta 37 30 7

loop 2 -1
loop 3 -1
loop 4 -3
loop 5 -1
loop 6 -1

loop 2 -2
loop 3 -1
loop 4 -3
loop 5 -1
loop 6 -3
loop 7 3
	diff -3 3

loop 2 -3
loop 3 -1
loop 4 -3
loop 5 -1
loop 6 -2
loop 7 0
	delta 15 15 0

loop 2 -1
loop 3 -1
loop 4 -2
loop 5 -3
loop 6 -4
	delta 56 52 4

loop 2 -2
loop 3 -3
loop 4 -7
	delta 29 22 7

loop 2 -1
loop 3 -2
loop 4 2
	diff -2 2

loop 2 1
	diff -4 1

loop 2 2
	diff -4 2

loop 2 1
	diff -4 1

loop 2 -3
loop 3 -1
loop 4 3
	diff -1 3

loop 2 -3
loop 3 0
	delta 9 9 0

loop 2 -2
loop 3 0
	delta 51 51 0

loop 2 0
	delta 22 22 0

loop 2 -1
loop 3 0
	delta 57 57 0

loop 2 -2
loop 3 -3
loop 4 0
	delta 45 45 0

loop 2 -4
	delta 66 62 4

loop 2 -4
	delta 41 37 4

loop 2 -3
loop 3 -4
	delta 32 28 4

loop 2 -4
	delta 90 86 4

loop 2 -4
	delta 69 65 4

loop 2 -1
loop 3 -3
loop 4 -7
	delta 90 83 7

loop 2 -2
loop 3 -1
loop 4 -2
loop 5 -5
	delta 71 66 5

loop 2 -3
loop 3 -3
loop 4 -7
	delta 65 58 7

loop 2 -2
loop 3 -1
loop 4 -5
	delta 14 9 5

loop 2 -6
	delta 68 62 6

loop 2 -2
loop 3 -2
loop 4 -1
loop 5 -1
loop 6 -2

loop 2 -3
loop 3 -3
loop 4 -2
loop 5 -2
loop 6 -1
loop 7 2
	diff -1 2

loop 2 -1
loop 3 -3
loop 4 -3
loop 5 0
	delta 61 61 0

loop 2 -3
loop 3 -1
loop 4 -1
loop 5 -4
	delta 89 85 4

loop 2 -1
loop 3 -1
loop 4 -1
loop 5 -3
loop 6 -3
loop 7 -7
	delta 54 47 7

loop 2 -2
loop 3 -3
loop 4 1
	diff -3 1

loop 2 -3
loop 3 -1
loop 4 1
	diff -1 1

loop 2 -1
loop 3 2
	diff -1 2

loop 2 2
	diff -5 2

loop 2 -3
loop 3 -1
loop 4 3
	diff -1 3

loop 2 0
	delta 64 64 0

loop 2 -3
loop 3 0
	delta 17 17 0

loop 2 0
	delta 75 75 0

loop 2 -1
loop 3 -1
loop 4 0
	delta 90 90 0

loop 2 0
	delta 68 68 0

loop 2 -3
loop 3 -3
loop 4 -1
loop 5 -3
loop 6 -4
	delta 49 45 4

loop 2 -3
loop 3 -2
loop 4 -4
	delta 84 80 4

loop 2 -4
	delta 27 23 4

loop 2 -2
loop 3 -4
	delta 32 28 4

loop 2 -1
loop 3 -1
loop 4 -2
loop 5 -4
	delta 61 57 4

loop 2 -1
loop 3 -2
loop 4 -1
loop 5 -5
	delta 39 34 5

loop 2 -5
	delta 72 67 5

loop 2 -2
loop 3 -1
loop 4 -5
	delta 67 62 5

loop 2 -5
	delta 12 7 5

loop 2 -3
loop 3 -1
loop 4 -7
	delta 25 18 7

loop 2 -1
loop 3 -1
loop 4 -3
loop 5 0
	delta 25 25 0

loop 2 2
loop 3 3
loop 4 2
loop 5 2
loop 6 3
loop 7 4
	delta 80 84 4

loop 2 -3
loop 3 3
	diff -3 3

loop 2 -2
	diff 2 -2

loop 2 3
loop 3 -2
	diff 3 -2

loop 2 -1
loop 3 -3
loop 4 -2
loop 5 -1
loop 6 -1
loop 7 -1

loop 2 -1
	diff 1 -1

loop 2 1
	diff -2 1

loop 2 2
loop 3 3
loop 4 0
	delta 94 94 0

loop 2 4
	delta 22 26 4

loop 2 -2
loop 3 -1
loop 4 -4
	delta 43 39 4

loop 2 1
loop 3 3
loop 4 -1
	diff 3 -1

loop 2 -1
	diff 1 -1

loop 2 6
	delta 35 41 6

loop 2 -3
loop 3 -2
loop 4 -3
loop 5 -1
loop 6 -4
	delta 20 16 4

loop 2 -3
loop 3 -1
loop 4 -1
loop 5 -4
	delta 9 5 4

loop 2 3
loop 3 7
	delta 23 30 7

loop 2 2
loop 3 4
	delta 3 7 4

loop 2 -2
loop 3 3
	diff -2 3

loop 2 2
	diff -1 2

loop 2 -4
	delta 53 49 4

loop 2 -3
loop 3 -3
loop 4 -3
loop 5 2
	diff -3 2

loop 2 0
	delta 85 85 0

loop 2 -5
	delta 55 50 5

loop 2 -1
	diff 3 -1

loop 2 -2
	diff 2 -2

loop 2 0
	delta 13 13 0

loop 2 2
loop 3 1
loop 4 2
loop 5 0
	delta 93 93 0

loop 2 -3
loop 3 -2
loop 4 -4
	delta 11 7 4

loop 2 2
loop 3 1
loop 4 1
loop 5 3
loop 6 -1
	diff 3 -1

loop 2 -2
loop 3 -2
loop 4 -2
loop 5 -2
loop 6 2
	diff -2 2

loop 2 3
loop 3 3
loop 4 1
loop 5 7
	delta 33 40 7

loop 2 -4
	delta 63 59 4

loop 2 -3
	diff 3 -3

loop 2 3
loop 3 3
loop 4 4
	delta 84 88 4

loop 2 0
	delta 40 40 0

loop 2 0
	delta 84 84 0

loop 2 -4
	delta 72 68 4

loop 2 -2
loop 3 3
	diff -2 3

loop 2 3
loop 3 7
	delta 85 92 7

loop 2 -3
loop 3 -2
loop 4 -2
loop 5 0
	delta 4 4 0

loop 2 -1
loop 3 2
	diff -1 2

loop 2 4
	delta 3 7 4

loop 2 3
loop 3 0
	delta 44 44 0

loop 2 -2
loop 3 -2
loop 4 -2
loop 5 -1
loop 6 -2
loop 7 -3

loop 2 1
	diff -3 1

loop 2 0
	delta 32 32 0

loop 2 3
loop 3 1
loop 4 0
	delta 46 46 0

loop 2 -3
	diff 3 -3

loop 2 1
loop 3 1
loop 4 3
loop 5 1
loop 6 3

loop 2 -2
loop 3 -3
loop 4 -4
	delta 70 66 4

loop 2 -7
	delta 93 86 7

loop 2 3
loop 3 3
loop 4 2
loop 5 2
loop 6 2
loop 7 7
	delta 75 82 7

loop 2 -1
loop 3 -2
loop 4 0
	delta 13 13 0

loop 2 -1
loop 3 -3
loop 4 0
	delta 73 73 0

loop 2 1
loop 3 -2
	diff 1 -2

loop 2 -7
	delta 65 58 7

loop 2 4
	delta 56 60 4

loop 2 3
loop 3 -3
	diff 3 -3

loop 2 -1
loop 3 -4
	delta 54 50 4

loop 2 -6
	delta 39 33 6

loop 2 -2
	diff 1 -2

loop 2 -1
loop 3 -2
loop 4 -3
loop 5 0
	delta 41 41 0

loop 2 -2
	diff 2 -2

loop 2 3
loop 3 3
loop 4 1
loop 5 0
	delta 42 42 0

loop 2 2
loop 3 -2
	diff 2 -2

loop 2 2
loop 3 -1
	diff 2 -1

loop 2 4
	delta 74 78 4

loop 2 -2
loop 3 -6
	delta 53 47 6

loop 2 -1
loop 3 -2
loop 4 -4
	delta 21 17 4

loop 2 -1
loop 3 -4
	delta 19 15 4

loop 2 -3
loop 3 -2
loop 4 -2
loop 5 -2
loop 6 -4
	delta 47 43 4

loop 2 -2
loop 3 -1
loop 4 -7
	delta 61 54 7

loop 2 5
	delta 66 71 5

loop 2 -1
loop 3 -7
	delta 76 69 7

loop 2 1
	diff -2 1

loop 2 1
	diff -1 1

loop 2 3
	diff -1 3

loop 2 -1
loop 3 -2
loop 4 -1
loop 5 -1
loop 6 -1
loop 7 -2

loop 2 3
loop 3 -1
	diff 3 -1

loop 2 3
	diff -3 3

loop 2 3
	diff -2 3

loop 2 -2
loop 3 -2
loop 4 2
	diff -2 2

loop 2 0
	delta 19 19 0

loop 2 -1
	diff 4 -1

loop 2 3
loop 3 1
loop 4 -1
	diff 1 -1

loop 2 5
	delta 44 49 5

loop 2 -5
	delta 60 55 5

loop 2 -3
loop 3 -2
loop 4 -2
loop 5 -4
	delta 85 81 4

loop 2 1
	diff -3 1

loop 2 0
	delta 91 91 0

loop 2 -2
loop 3 -2
loop 4 1
	diff -2 1

loop 2 -1
	diff 1 -1

loop 2 -2
loop 3 -1
loop 4 -5
	delta 38 33 5

loop 2 4
	delta 22 26 4

loop 2 3
	diff -2 3

loop 2 0
	delta 55 55 0

loop 2 -3
	diff 3 -3

loop 2 0
	delta 60 60 0

loop 2 3
	diff -1 3

loop 2 0
	delta 64 64 0

loop 2 3
loop 3 6
	delta 30 36 6

loop 2 2
loop 3 4
	delta 19 23 4

loop 2 1
	diff -2 1

loop 2 -1
loop 3 -3
loop 4 -1
loop 5 -3
loop 6 3
	diff -3 3

loop 2 3
	diff -1 3

loop 2 2
loop 3 6
	delta 20 26 6

loop 2 2
loop 3 3
loop 4 0
	delta 34 34 0

loop 2 -2
	diff 1 -2

loop 2 -1
loop 3 -2
loop 4 -5
	delta 85 80 5

loop 2 -1
loop 3 -4
	delta 72 68 4

loop 2 0
	delta 67 67 0

loop 2 3
	diff -1 3

loop 2 -3
loop 3 -3
loop 4 -2
loop 5 -5
	delta 55 50 5

loop 2 6
	delta 5 11 6

loop 2 2
loop 3 1
loop 4 -2
	diff 1 -2

loop 2 -1
loop 3 3
	diff -1 3

loop 2 -4
	delta 39 35 4

loop 2 2
	diff -1 2

loop 2 -1
loop 3 -1
loop 4 1
	diff -1 1

loop 2 2
loop 3 1
loop 4 2
loop 5 6
	delta 84 90 6

loop 2 0
	delta 39 39 0

loop 2 1
loop 3 1
loop 4 2
loop 5 0
	delta 21 21 0

loop 2 1
loop 3 -1
	diff 1 -1

loop 2 -2
loop 3 3
	diff -2 3

loop 2 2
loop 3 0
	delta 61 61 0

loop 2 0
	delta 10 10 0

loop 2 3
loop 3 1
loop 4 4
	delta 11 15 4

loop 2 1
loop 3 3
loop 4 7
	delta 66 73 7

loop 2 0
	delta 19 19 0

loop 2 7
	delta 32 39 7

loop 2 1
loop 3 7
	delta 85 92 7

loop 2 4
	delta 52 56 4

loop 2 6
	delta 44 50 6

loop 2 -3
loop 3 -2
loop 4 -1
loop 5 -4
	delta 46 42 4

loop 2 2
loop 3 1
loop 4 1
loop 5 2
loop 6 3
loop 7 -3
	diff 3 -3

loop 2 -3
loop 3 -6
	delta 29 23 6

loop 2 5
	delta 71 76 5

loop 2 -1
loop 3 -3
loop 4 2
	diff -3 2

loop 2 3
loop 3 4
	delta 60 64 4

loop 2 1
loop 3 1
loop 4 -1
	diff 1 -1

loop 2 -2
	diff 1 -2

loop 2 -2
loop 3 -5
	delta 65 60 5

loop 2 0
	delta 80 80 0

loop 2 -3
	diff 6 -3

loop 2 2
loop 3 1
loop 4 0
	delta 63 63 0

loop 2 1
loop 3 3
loop 4 3

loop 2 -3
	diff 1 -3

loop 2 -3
loop 3 -6
	delta 64 58 6

loop 2 2
loop 3 4
	delta 50 54 4

loop 2 -5
	delta 83 78 5

loop 2 -4
	delta 78 74 4

loop 2 2
loop 3 2
loop 4 7
	delta 54 61 7

loop 2 1
loop 3 3
loop 4 0
	delta 54 54 0

loop 2 1
loop 3 3
loop 4 3
loop 5 7
	delta 31 38 7

loop 2 1
loop 3 1
loop 4 3
loop 5 0
	delta 53 53 0

loop 2 2
	diff -3 2

loop 2 4
	delta 60 64 4

loop 2 -7
	delta 60 53 7

loop 2 0
	delta 45 45 0

loop 2 3
loop 3 0
	delta 61 61 0

loop 2 0
	delta 48 48 0

loop 2 -2
loop 3 -4
	delta 32 28 4

loop 2 3
loop 3 2
loop 4 2
loop 5 3
loop 6 2
loop 7 1

loop 2 -2
loop 3 -1
loop 4 3
	diff -1 3

loop 2 1
loop 3 -3
	diff 1 -3

loop 2 -4
	delta 50 46 4

loop 2 -5
	delta 22 17 5

loop 2 1
loop 3 4
	delta 60 64 4

loop 2 1
loop 3 1
loop 4 0
	delta 27 27 0

loop 2 2
loop 3 3
loop 4 1
loop 5 -3
	diff 1 -3

loop 2 2
loop 3 2
loop 4 0
	delta 81 81 0

loop 2 -2
loop 3 -3
loop 4 -2
loop 5 -2
loop 6 -4
	delta 25 21 4

loop 2 2
loop 3 2
loop 4 3
loop 5 -2
	diff 3 -2

loop 2 3
loop 3 3
loop 4 7
	delta 26 33 7

loop 2 -3
loop 3 -4
	delta 34 30 4

loop 2 2
loop 3 -1
	diff 2 -1

loop 2 3
	diff -1 3

loop 2 3
loop 3 5
	delta 66 71 5

loop 2 3
	diff -2 3

loop 2 -4
	delta 13 9 4

loop 2 0
	delta 88 88 0

loop 2 -1
loop 3 0
	delta 88 88 0

loop 2 1
	diff -1 1

loop 2 7
	delta 63 70 7

loop 2 -1
loop 3 3
	diff -1 3

loop 2 3
loop 3 4
	delta 44 48 4

loop 2 -2
	diff 3 -2

loop 2 1
loop 3 6
	delta 25 31 6

loop 2 -1
loop 3 -2
loop 4 -2
loop 5 0
	delta 65 65 0

loop 2 1
loop 3 3
loop 4 6
	delta 48 54 6

loop 2 -3
loop 3 -2
loop 4 -2
loop 5 -4
	delta 42 38 4

loop 2 2
loop 3 2
loop 4 5
	delta 86 91 5

loop 2 -1
loop 3 -2
loop 4 -1
loop 5 -3
loop 6 -4
	delta 6 2 4

loop 2 3
loop 3 1
loop 4 1
loop 5 4
	delta 61 65 4

loop 2 -1
	diff 1 -1

loop 2 -3
	diff 2 -3

loop 2 -1
loop 3 -3
loop 4 -2
loop 5 -2
loop 6 0
	delta 37 37 0

loop 2 4
	delta 23 27 4

loop 2 -2
loop 3 -2
loop 4 -1
loop 5 -1
loop 6 -6
	delta 79 73 6

loop 2 -7
	delta 19 12 7

loop 2 -6
	delta 40 34 6

loop 2 -4
	delta 84 80 4

loop 2 -3
	diff 3 -3

loop 2 1
loop 3 -1
	diff 1 -1

loop 2 -6
	delta 68 62 6

loop 2 3
loop 3 0
	delta 63 63 0

loop 2 2
loop 3 2
loop 4 6
	delta 21 27 6

loop 2 -2
loop 3 0
	delta 39 39 0

loop 2 -3
loop 3 -3
loop 4 -7
	delta 79 72 7

loop 2 -2
loop 3 -3
loop 4 -1
loop 5 2
	diff -1 2

loop 2 -1
loop 3 0
	delta 54 54 0

loop 2 0
	delta 79 79 0

loop 2 2
	diff -3 2

loop 2 1
loop 3 2
loop 4 4
	delta 10 14 4

loop 2 -1
loop 3 3
	diff -1 3

loop 2 -2
loop 3 -1
loop 4 -7
	delta 74 67 7

loop 2 2
loop 3 -3
	diff 2 -3

loop 2 -2
loop 3 -2
loop 4 -1
loop 5 -1
loop 6 -7
	delta 35 28 7

loop 2 4
	delta 67 71 4

loop 2 -1
loop 3 -1
loop 4 -2
loop 5 -3
loop 6 -4
	delta 42 38 4

loop 2 -1
loop 3 0
	delta 58 58 0

loop 2 -1
loop 3 3
	diff -1 3

loop 2 2
loop 3 3
loop 4 0
	delta 82 82 0

loop 2 1
loop 3 4
	delta 19 23 4

loop 2 -3
loop 3 2
	diff -3 2

loop 2 -1
loop 3 -1
loop 4 -3
loop 5 -2
loop 6 -4
	delta 85 81 4

loop 2 3
	diff -3 3

loop 2 1
loop 3 5
	delta 16 21 5

loop 2 2
	diff -2 2

loop 2 -1
loop 3 -3
loop 4 -1
loop 5 0
	delta 75 75 0

loop 2 -1
	diff 1 -1

loop 2 -6
	delta 19 13 6

loop 2 0
	delta 8 8 0

loop 2 3
loop 3 -2
	diff 3 -2

loop 2 -2
loop 3 -2
loop 4 3
	diff -2 3

loop 2 3
loop 3 -2
	diff 3 -2

loop 2 -3
loop 3 0
	delta 52 52 0

loop 2 -1
loop 3 -3
loop 4 1
	diff -3 1

loop 2 2
loop 3 2
loop 4 2
loop 5 4
	delta 17 21 4

loop 2 1
loop 3 2
loop 4 4
	delta 7 11 4

loop 2 1
loop 3 1
loop 4 3
loop 5 1
loop 6 4
	delta 68 72 4

loop 2 1
loop 3 1
loop 4 1
loop 5 2
loop 6 4
	delta 13 17 4

loop 2 -2
loop 3 1
	diff -2 1

loop 2 -7
	delta 69 62 7

loop 2 3
loop 3 3
loop 4 -1
	diff 3 -1

loop 2 1
loop 3 1
loop 4 -1
	diff 1 -1

loop 2 -2
loop 3 -2
loop 4 -3
loop 5 -1
loop 6 -1
loop 7 -3

loop 2 -3
loop 3 -1
loop 4 -3
loop 5 -3
loop 6 -3

loop 2 1
loop 3 1
loop 4 3
loop 5 1
loop 6 2

loop 2 3
loop 3 1
loop 4 2
loop 5 1
loop 6 2
loop 7 2

loop 2 3
loop 3 3
loop 4 2
loop 5 3
loop 6 3
loop 7 3

loop 2 -1
loop 3 -1
loop 4 -1
loop 5 -1

loop 2 -1
loop 3 -2
loop 4 -3

loop 2 -1
loop 3 -1
loop 4 -1
loop 5 -2
loop 6 -1

loop 2 3
loop 3 1
loop 4 2
loop 5 2
loop 6 2

loop 2 1
loop 3 2
loop 4 1
loop 5 3
loop 6 2
loop 7 1

loop 2 1
loop 3 1
loop 4 2

loop 2 3
loop 3 3
loop 4 3
loop 5 1
loop 6 1

loop 2 2
loop 3 2
loop 4 2
loop 5 3
loop 6 3
loop 7 3

loop 2 -1
loop 3 -3
loop 4 -2
loop 5 -2
loop 6 -3
loop 7 -2

loop 2 -1
loop 3 -1
loop 4 -1
loop 5 -1

loop 2 3
loop 3 2
loop 4 3
loop 5 3
loop 6 1

loop 2 2
loop 3 3
loop 4 2
loop 5 1
loop 6 3

loop 2 2
loop 3 2
loop 4 1

loop 2 3
loop 3 3
loop 4 1
loop 5 3

loop 2 1
loop 3 3
loop 4 1
loop 5 1

loop 2 2
loop 3 1
loop 4 1
loop 5 3
loop 6 2

loop 2 1
loop 3 2
loop 4 1

loop 2 2
loop 3 3
loop 4 2
loop 5 1
loop 6 1
loop 7 1

loop 2 -2
loop 3 -1
loop 4 -1

loop 2 -2
loop 3 -1
loop 4 -1

loop 2 2
loop 3 3
loop 4 3
loop 5 3
loop 6 1

loop 2 -1
loop 3 -1
loop 4 -3
loop 5 -2
loop 6 -3
loop 7 -1

loop 2 -2
loop 3 -1
loop 4 -2
loop 5 -1
loop 6 -2

loop 2 2
loop 3 2
loop 4 2
loop 5 3
loop 6 3
loop 7 3

loop 2 -2
loop 3 -2
loop 4 -3
loop 5 -1

loop 2 2
loop 3 2
loop 4 2
loop 5 3
loop 6 2

loop 2 2
loop 3 2
loop 4 2
loop 5 3
loop 6 2

loop 2 3
loop 3 1
loop 4 2
loop 5 2

loop 2 2
loop 3 2
loop 4 2
loop 5 3
loop 6 2
loop 7 3

loop 2 -2
loop 3 -2
loop 4 -1
loop 5 -2
loop 6 -2
loop 7 -2

loop 2 3
loop 3 2
loop 4 3
loop 5 1
loop 6 3
loop 7 2

loop 2 2
loop 3 1
loop 4 1
loop 5 3
loop 6 2
loop 7 3

loop 2 -1
loop 3 -3
loop 4 -2
loop 5 -2
loop 6 -3

loop 2 -1
loop 3 -2
loop 4 -1
loop 5 -3

loop 2 -2
loop 3 -3
loop 4 -1

loop 2 3
loop 3 3
loop 4 1

loop 2 -2
loop 3 -1
loop 4 -2

loop 2 3
loop 3 3
loop 4 3

loop 2 -2
loop 3 -1
loop 4 -3

loop 2 2
loop 3 1
loop 4 1
loop 5 2
loop 6 1
loop 7 3

loop 2 -2
loop 3 -1
loop 4 -2
loop 5 -1
loop 6 -3
loop 7 -2

loop 2 -2
loop 3 -1
loop 4 -3

loop 2 1
loop 3 2
loop 4 1
loop 5 1

loop 2 -3
loop 3 -1
loop 4 -3

loop 2 -1
loop 3 -1
loop 4 -3

loop 2 1
loop 3 2
loop 4 3

loop 2 -2
loop 3 -3
loop 4 -1
loop 5 -3

loop 2 -2
loop 3 -1
loop 4 -1
loop 5 -3
loop 6 -1
loop 7 -2

loop 2 1
loop 3 2
loop 4 1
loop 5 2
loop 6 1

loop 2 2
loop 3 3
loop 4 2

loop 2 2
loop 3 3
loop 4 1

loop 2 3
loop 3 1
loop 4 3
loop 5 2

loop 2 -2
loop 3 -2
loop 4 -2
loop 5 -2
loop 6 -1
loop 7 -3

loop 2 3
loop 3 3
loop 4 1
loop 5 3

loop 2 3
loop 3 3
loop 4 2
loop 5 3

loop 2 3
loop 3 3
loop 4 3
loop 5 2

loop 2 3
loop 3 1
loop 4 2
loop 5 1
loop 6 2
loop 7 2

loop 2 -3
loop 3 -3
loop 4 -2
loop 5 -1

loop 2 2
loop 3 2
loop 4 1
loop 5 2
loop 6 3
loop 7 1

loop 2 1
loop 3 1
loop 4 1
loop 5 3

loop 2 -3
loop 3 -1
loop 4 -2
loop 5 -3
loop 6 -2
loop 7 -1

loop 2 2
loop 3 1
loop 4 3

loop 2 -2
loop 3 -3
loop 4 -3
loop 5 -2

loop 2 1
loop 3 1
loop 4 2
loop 5 2
loop 6 2
loop 7 2

loop 2 2
loop 3 3
loop 4 1
loop 5 3
loop 6 2
loop 7 1

loop 2 1
loop 3 1
loop 4 3
loop 5 1
loop 6 2

loop 2 3
loop 3 2
loop 4 2
loop 5 3
loop 6 2

loop 2 -1
loop 3 -1
loop 4 -2
loop 5 -3

loop 2 -1
loop 3 -3
loop 4 -2
loop 5 -1

loop 2 -2
loop 3 -1
loop 4 -2
loop 5 -3
loop 6 -1

loop 2 -1
loop 3 -2
loop 4 -2

loop 2 -1
loop 3 -1
loop 4 -3
loop 5 -3
loop 6 -2

loop 2 -1
loop 3 -1
loop 4 -2
loop 5 -1
loop 6 -3

loop 2 2
loop 3 2
loop 4 2
loop 5 1
loop 6 2

loop 2 -1
loop 3 -3
loop 4 -1

loop 2 1
loop 3 2
loop 4 2
loop 5 2
loop 6 3
loop 7 2

loop 2 -3
loop 3 -3
loop 4 -3
loop 5 -2

loop 2 -1
loop 3 -3
loop 4 -2

loop 2 -2
loop 3 -1
loop 4 -2
loop 5 -1
loop 6 -1
loop 7 -2

loop 2 2
loop 3 3
loop 4 2
loop 5 3

loop 2 2
loop 3 3
loop 4 3
loop 5 2
loop 6 2

loop 2 -3
loop 3 -2
loop 4 -1
loop 5 -1
loop 6 -2
loop 7 -3

loop 2 -3
loop 3 -3
loop 4 -1
loop 5 -1
loop 6 -2
loop 7 -1

loop 2 3
loop 3 2
loop 4 2
loop 5 2
loop 6 3
loop 7 2

loop 2 -2
loop 3 -2
loop 4 -1

loop 2 1
loop 3 2
loop 4 1
loop 5 1
loop 6 3

loop 2 1
loop 3 2
loop 4 3
loop 5 2
loop 6 3
loop 7 1

loop 2 -2
loop 3 -2
loop 4 -1
loop 5 -2
loop 6 -2

loop 2 2
loop 3 3
loop 4 3
loop 5 1

loop 2 -2
loop 3 -1
loop 4 -3
loop 5 -3
loop 6 -3
loop 7 -1

loop 2 3
loop 3 2
loop 4 3
loop 5 3
loop 6 1
loop 7 2

loop 2 2
loop 3 1
loop 4 3

loop 2 -3
loop 3 -2
loop 4 -1
loop 5 -2
loop 6 -2

loop 2 2
loop 3 1
loop 4 3
loop 5 1
loop 6 2
loop 7 1

loop 2 3
loop 3 2
loop 4 2
loop 5 3
loop 6 1
loop 7 3

loop 2 3
loop 3 3
loop 4 3
loop 5 1
loop 6 3
loop 7 1

loop 2 3
loop 3 2
loop 4 3
loop 5 1
loop 6 1

loop 2 1
loop 3 3
loop 4 1
loop 5 3

loop 2 -3
loop 3 -3
loop 4 -2
loop 5 -2
loop 6 -3

loop 2 2
loop 3 3
loop 4 2
loop 5 1

loop 2 2
loop 3 1
loop 4 3
loop 5 3
loop 6 1
loop 7 3

loop 2 1
loop 3 3
loop 4 3
loop 5 3
loop 6 3
loop 7 3

loop 2 -2
loop 3 -3
loop 4 -3

loop 2 1
loop 3 3
loop 4 1
loop 5 1

loop 2 -3
loop 3 -2
loop 4 -1
loop 5 -3

loop 2 -1
loop 3 -2
loop 4 -2

loop 2 1
loop 3 1
loop 4 1
loop 5 3
loop 6 1
loop 7 2

loop 2 3
loop 3 3
loop 4 3
loop 5 3
loop 6 2

loop 2 3
loop 3 2
loop 4 1
loop 5 1

loop 2 -1
loop 3 -3
loop 4 -3
loop 5 -3
loop 6 -1

loop 2 2
loop 3 2
loop 4 2
loop 5 3

loop 2 3
loop 3 3
loop 4 1

loop 2 -2
loop 3 -1
loop 4 -1
loop 5 -3
loop 6 -3
loop 7 -2

loop 2 -3
loop 3 -1
loop 4 -3
loop 5 -1
loop 6 -1
loop 7 -2

loop 2 -1
loop 3 -1
loop 4 -1

loop 2 2
loop 3 3
loop 4 1

loop 2 -2
loop 3 -1
loop 4 -3
loop 5 -1
loop 6 -3

loop 2 2
loop 3 3
loop 4 1
loop 5 2

loop 2 3
loop 3 1
loop 4 2
loop 5 1
loop 6 2
loop 7 3

loop 2 1
loop 3 2
loop 4 1

loop 2 2
loop 3 2
loop 4 2
loop 5 3

loop 2 3
loop 3 3
loop 4 1
loop 5 2
loop 6 2
loop 7 3

loop 2 3
loop 3 3
loop 4 1
loop 5 2
loop 6 2

loop 2 -3
loop 3 -2
loop 4 -2
loop 5 -3

loop 2 3
loop 3 3
loop 4 3
loop 5 3

loop 2 1
loop 3 2
loop 4 2
loop 5 1

loop 2 -3
loop 3 -3
loop 4 -1
loop 5 -1
loop 6 -2
loop 7 -1

loop 2 -2
loop 3 -1
loop 4 -3

loop 2 2
loop 3 3
loop 4 3

loop 2 2
loop 3 2
loop 4 1
loop 5 2

loop 2 -2
loop 3 -1
loop 4 -1
loop 5 -3

loop 2 2
loop 3 3
loop 4 2
loop 5 2
loop 6 1
loop 7 1

loop 2 2
loop 3 3
loop 4 2
loop 5 1
loop 6 1

loop 2 -1
loop 3 -3
loop 4 -3
loop 5 -2
loop 6 -3

loop 2 1
loop 3 3
loop 4 3
loop 5 3
loop 6 2
loop 7 3

loop 2 2
loop 3 3
loop 4 2

loop 2 3
loop 3 1
loop 4 2
loop 5 1
loop 6 3
loop 7 2

loop 2 1
loop 3 1
loop 4 3
loop 5 2
loop 6 3
loop 7 2

loop 2 1
loop 3 3
loop 4 3
loop 5 3

loop 2 -2
loop 3 -1
loop 4 -1
loop 5 -1
loop 6 -1
loop 7 -2

loop 2 -1
loop 3 -3
loop 4 -1
loop 5 -2
loop 6 -1

loop 2 3
loop 3 3
loop 4 1
loop 5 2
loop 6 3

loop 2 -1
loop 3 -2
loop 4 -1
loop 5 -2

loop 2 1
loop 3 2
loop 4 1
loop 5 1
loop 6 1

loop 2 2
loop 3 3
loop 4 1
loop 5 2
loop 6 3
loop 7 3

loop 2 3
loop 3 1
loop 4 1
loop 5 2

loop 2 -2
loop 3 -3
loop 4 -3
loop 5 -2
loop 6 -1
loop 7 -2

loop 2 1
loop 3 2
loop 4 1
loop 5 2
loop 6 3

loop 2 3
loop 3 1
loop 4 3
loop 5 2
loop 6 3
loop 7 1

loop 2 -1
loop 3 -2
loop 4 -2
loop 5 -2

loop 2 2
loop 3 1
loop 4 1
loop 5 2
loop 6 3

loop 2 1
loop 3 2
loop 4 1

loop 2 3
loop 3 1
loop 4 3
loop 5 2
loop 6 3
loop 7 2

loop 2 3
loop 3 3
loop 4 1

loop 2 2
loop 3 2
loop 4 2
loop 5 3
loop 6 2

loop 2 -1
loop 3 -2
loop 4 -2
loop 5 -2
loop 6 -1

loop 2 3
loop 3 2
loop 4 3
loop 5 3
loop 6 1

loop 2 -2
loop 3 -3
loop 4 -3
loop 5 -1
loop 6 -3

loop 2 -1
loop 3 -1
loop 4 -3

loop 2 -3
loop 3 -1
loop 4 -1
loop 5 -2
loop 6 -1

loop 2 -3
loop 3 -3
loop 4 -3
loop 5 -1

loop 2 1
loop 3 3
loop 4 2
loop 5 1
loop 6 3
loop 7 1

loop 2 3
loop 3 2
loop 4 3
loop 5 2
loop 6 3

loop 2 -1
loop 3 -2
loop 4 -1
loop 5 -2
loop 6 -1

loop 2 -2
loop 3 -2
loop 4 -2
loop 5 -3

loop 2 -2
loop 3 -3
loop 4 -1
loop 5 -1
loop 6 -3

loop 2 -1
loop 3 -3
loop 4 -3
loop 5 -3

loop 2 1
loop 3 3
loop 4 3

loop 2 3
loop 3 3
loop 4 1
loop 5 2

loop 2 2
loop 3 3
loop 4 3
loop 5 3

loop 2 2
loop 3 2
loop 4 2
loop 5 1

loop 2 2
loop 3 2
loop 4 3
loop 5 1

loop 2 1
loop 3 1
loop 4 1
loop 5 1
loop 6 3

loop 2 -2
loop 3 -2
loop 4 -1
loop 5 -2

loop 2 3
loop 3 2
loop 4 1
loop 5 2
loop 6 2
loop 7 3

loop 2 2
loop 3 1
loop 4 1
loop 5 2
loop 6 1

loop 2 2
loop 3 2
loop 4 3

loop 2 -3
loop 3 -2
loop 4 -2

loop 2 3
loop 3 2
loop 4 2
loop 5 2

loop 2 -1
loop 3 -1
loop 4 -1
loop 5 -3
loop 6 -2

loop 2 3
loop 3 2
loop 4 3
loop 5 3

loop 2 -1
loop 3 -1
loop 4 -2
loop 5 -3
loop 6 -2
loop 7 -2

loop 2 1
loop 3 3
loop 4 2
loop 5 3
loop 6 2

loop 2 -1
loop 3 -1
loop 4 -2
loop 5 -2

loop 2 -1
loop 3 -1
loop 4 -2
loop 5 -1
loop 6 -3

loop 2 2
loop 3 2
loop 4 2
loop 5 3
loop 6 2
loop 7 3

loop 2 -2
loop 3 -3
loop 4 -2
loop 5 -3
loop 6 -2

loop 2 3
loop 3 2
loop 4 3
loop 5 3

loop 2 -1
loop 3 -1
loop 4 -2
loop 5 -1
loop 6 -1

loop 2 -2
loop 3 -2
loop 4 -2

loop 2 -3
loop 3 -3
loop 4 -3
loop 5 -3
loop 6 -3

loop 2 -1
loop 3 -1
loop 4 -2

loop 2 -1
loop 3 -3
loop 4 -3
loop 5 -3
loop 6 -1
loop 7 -1

loop 2 -3
loop 3 -1
loop 4 -3
loop 5 -3

loop 2 3
loop 3 1
loop 4 1
loop 5 1
loop 6 1
loop 7 2

loop 2 2
loop 3 1
loop 4 2
loop 5 2

loop 2 -3
loop 3 -2
loop 4 -1
loop 5 -1

loop 2 1
loop 3 3
loop 4 1
loop 5 2
loop 6 3
loop 7 3

loop 2 2
loop 3 3
loop 4 3

loop 2 2
loop 3 3
loop 4 2

loop 2 1
loop 3 3
loop 4 3
loop 5 2
loop 6 2

loop 2 -3
loop 3 -1
loop 4 -1
loop 5 -1

loop 2 -2
loop 3 -2
loop 4 -2
loop 5 -1
loop 6 -1
loop 7 -1

loop 2 2
loop 3 1
loop 4 3
loop 5 1
loop 6 1

loop 2 -2
loop 3 -3
loop 4 -1
loop 5 -1

loop 2 1
loop 3 2
loop 4 3
loop 5 2
loop 6 3
loop 7 3

loop 2 1
loop 3 3
loop 4 3
loop 5 3
loop 6 2
loop 7 3

loop 2 2
loop 3 2
loop 4 3

loop 2 -1
loop 3 -3
loop 4 -3
loop 5 -1

loop 2 2
loop 3 2
loop 4 1
loop 5 1
loop 6 1
loop 7 3

loop 2 3
loop 3 1
loop 4 2

loop 2 2
loop 3 1
loop 4 1
loop 5 3
loop 6 2
loop 7 1

loop 2 3
loop 3 3
loop 4 1
loop 5 2

loop 2 -2
loop 3 -1
loop 4 -1
loop 5 -1
loop 6 -2
loop 7 -3

loop 2 -2
loop 3 -2
loop 4 -3
loop 5 -1
loop 6 -1
loop 7 -3

loop 2 1
loop 3 3
loop 4 1
loop 5 2
loop 6 1

loop 2 -2
loop 3 -2
loop 4 -2
loop 5 -3

loop 2 1
loop 3 1
loop 4 3
loop 5 2
loop 6 3
loop 7 3

loop 2 1
loop 3 1
loop 4 2
loop 5 1
loop 6 1
loop 7 3

loop 2 -1
loop 3 -2
loop 4 -3

loop 2 -3
loop 3 -2
loop 4 -2
loop 5 -1

loop 2 -1
loop 3 -2
loop 4 -3
loop 5 -2
loop 6 -2

loop 2 -1
loop 3 -3
loop 4 -3
loop 5 -3
loop 6 -3

loop 2 3
loop 3 3
loop 4 3
loop 5 2
loop 6 3
loop 7 2

loop 2 2
loop 3 2
loop 4 3
loop 5 2

loop 2 -3
loop 3 -3
loop 4 -2

loop 2 3
loop 3 2
loop 4 1
loop 5 3

loop 2 -1
loop 3 -3
loop 4 -1
loop 5 -2
loop 6 -3
loop 7 -1

loop 2 -3
loop 3 -3
loop 4 -2
loop 5 -1

loop 2 -2
loop 3 -3
loop 4 -2
loop 5 -3

loop 2 -1
loop 3 -3
loop 4 -2

loop 2 -3
loop 3 -1
loop 4 -1
loop 5 -2
loop 6 -1

loop 2 -1
loop 3 -3
loop 4 -2
loop 5 -2
loop 6 -1

loop 2 -3
loop 3 -1
loop 4 -3
loop 5 -3
loop 6 -3
loop 7 -1

loop 2 3
loop 3 1
loop 4 3
loop 5 2
loop 6 3

loop 2 -1
loop 3 -1
loop 4 -2
loop 5 -1

loop 2 -2
loop 3 -3
loop 4 -1
loop 5 -2

loop 2 1
loop 3 1
loop 4 1

loop 2 -2
loop 3 -2
loop 4 -3

loop 2 -2
loop 3 -2
loop 4 -2

loop 2 -2
loop 3 -3
loop 4 -2
loop 5 -1
loop 6 -2

loop 2 3
loop 3 1
loop 4 3
loop 5 2
loop 6 1
loop 7 1

loop 2 -1
loop 3 -3
loop 4 -2
loop 5 -1

loop 2 -1
loop 3 -1
loop 4 -2
loop 5 -1
loop 6 -3

loop 2 -2
loop 3 -1
loop 4 -1
loop 5 -3
loop 6 -2

loop 2 -1
loop 3 -2
loop 4 -2

loop 2 -2
loop 3 -3
loop 4 -1
loop 5 -2

loop 2 -1
loop 3 -3
loop 4 -1
loop 5 -2
loop 6 -1

loop 2 1
loop 3 3
loop 4 2
loop 5 3
loop 6 3

loop 2 -3
loop 3 -1
loop 4 -1
loop 5 -1

loop 2 3
loop 3 1
loop 4 3
loop 5 1
loop 6 2
loop 7 1

loop 2 -3
loop 3 -2
loop 4 -1

1000 - 725 = 275
Result part 1: 275
Result part 2: 0
